\BOOKMARK [1][-]{section.1}{\376\377\176\352\213\272}{}% 1
\BOOKMARK [2][-]{subsection.1.1}{\376\377\200\314\146\157\116\313\176\315}{section.1}% 2
\BOOKMARK [3][-]{subsubsection.1.1.1}{\376\377\116\272\133\371\116\052\140\047\123\026\166\204\227\000\154\102}{subsection.1.1}% 3
\BOOKMARK [3][-]{subsubsection.1.1.2}{\376\377\230\316\150\074\217\301\171\373\166\204\123\321\134\125}{subsection.1.1}% 4
\BOOKMARK [3][-]{subsubsection.1.1.3}{\376\377\000o\000p\000e\000n\000c\000l\166\204\121\164\215\167}{subsection.1.1}% 5
\BOOKMARK [3][-]{subsubsection.1.1.4}{\376\377\000M\000o\000v\000i\000d\000i\000u\000s\171\136\176\317\177\121\176\334\122\240\220\037\150\322\166\204\121\164\215\167}{subsection.1.1}% 6
\BOOKMARK [2][-]{subsection.1.2}{\376\377\142\021\116\354\211\201\120\132\116\300\116\110}{section.1}% 7
\BOOKMARK [2][-]{subsection.1.3}{\376\377\142\021\116\354\166\204\147\000\176\310\145\110\147\234}{section.1}% 8
\BOOKMARK [1][-]{section.2}{\376\377\163\257\130\203\221\115\177\156\116\016\000w\000e\000b\144\055\136\372}{}% 9
\BOOKMARK [2][-]{subsection.2.1}{\376\377\163\257\130\203\221\115\177\156}{section.2}% 10
\BOOKMARK [2][-]{subsection.2.2}{\376\377\177\121\172\331\144\055\136\372}{section.2}% 11
\BOOKMARK [3][-]{subsubsection.2.2.1}{\376\377\145\207\116\366\173\241\164\006}{subsection.2.2}% 12
\BOOKMARK [3][-]{subsubsection.2.2.2}{\376\377\000U\000I\165\114\227\142}{subsection.2.2}% 13
\BOOKMARK [1][-]{section.3}{\376\377\000n\000e\000u\000r\000a\000l\000-\000s\000y\000t\000l\000e\116\247\165\037\211\306\230\221}{}% 14
\BOOKMARK [2][-]{subsection.3.1}{\376\377\116\343\170\001\213\364\146\016}{section.3}% 15
\BOOKMARK [2][-]{subsection.3.2}{\376\377\150\070\137\303\123\237\164\006}{section.3}% 16
\BOOKMARK [2][-]{subsection.3.3}{\376\377\116\073\117\123\116\343\170\001\176\323\147\204}{section.3}% 17
\BOOKMARK [2][-]{subsection.3.4}{\376\377\000A\000P\000I\143\245\123\343}{section.3}% 18
\BOOKMARK [2][-]{subsection.3.5}{\376\377\000d\000j\000a\000n\000g\000o\000\040\214\003\165\050\145\271\137\017}{section.3}% 19
\BOOKMARK [1][-]{lstnumber.-3.9}{\376\377\123\302\200\003\145\207\163\056}{}% 20
